{"D:\\workspace\\todo-app\\src\\domain\\gateways\\index.ts": {"path":"D:\\workspace\\todo-app\\src\\domain\\gateways\\index.ts","statementMap":{"0":{"start":{"line":1,"column":0},"end":{"line":1,"column":50}}},"fnMap":{},"branchMap":{},"s":{"0":0},"f":{},"b":{}}
,"D:\\workspace\\todo-app\\src\\domain\\models\\index.ts": {"path":"D:\\workspace\\todo-app\\src\\domain\\models\\index.ts","statementMap":{"0":{"start":{"line":1,"column":0},"end":{"line":1,"column":40}},"1":{"start":{"line":2,"column":0},"end":{"line":2,"column":23}},"2":{"start":{"line":3,"column":0},"end":{"line":3,"column":23}}},"fnMap":{},"branchMap":{},"s":{"0":0,"1":0,"2":0},"f":{},"b":{}}
,"D:\\workspace\\todo-app\\src\\domain\\repositories\\index.ts": {"path":"D:\\workspace\\todo-app\\src\\domain\\repositories\\index.ts","statementMap":{"0":{"start":{"line":1,"column":0},"end":{"line":1,"column":43}},"1":{"start":{"line":2,"column":0},"end":{"line":2,"column":43}}},"fnMap":{},"branchMap":{},"s":{"0":0,"1":0},"f":{},"b":{}}
,"D:\\workspace\\todo-app\\src\\domain\\usecases\\index.ts": {"path":"D:\\workspace\\todo-app\\src\\domain\\usecases\\index.ts","statementMap":{"0":{"start":{"line":1,"column":0},"end":{"line":1,"column":45}},"1":{"start":{"line":2,"column":0},"end":{"line":2,"column":42}},"2":{"start":{"line":3,"column":0},"end":{"line":3,"column":61}},"3":{"start":{"line":4,"column":0},"end":{"line":4,"column":57}}},"fnMap":{},"branchMap":{},"s":{"0":4,"1":4,"2":4,"3":4},"f":{},"b":{}}
,"D:\\workspace\\todo-app\\src\\domain\\usecases\\authentication\\authenticateCustomerUsecase.ts": {"path":"D:\\workspace\\todo-app\\src\\domain\\usecases\\authentication\\authenticateCustomerUsecase.ts","statementMap":{"0":{"start":{"line":10,"column":2},"end":{"line":11,"column":60}},"1":{"start":{"line":11,"column":4},"end":{"line":11,"column":59}},"2":{"start":{"line":7,"column":4},"end":{"line":7,"column":55}},"3":{"start":{"line":3,"column":0},"end":{"line":3,"column":13}}},"fnMap":{"0":{"name":"(anonymous_0)","decl":{"start":{"line":6,"column":2},"end":{"line":6,"column":14}},"loc":{"start":{"line":6,"column":58},"end":{"line":8,"column":3}}},"1":{"name":"(anonymous_1)","decl":{"start":{"line":10,"column":10},"end":{"line":10,"column":15}},"loc":{"start":{"line":11,"column":4},"end":{"line":11,"column":59}}}},"branchMap":{},"s":{"0":1,"1":2,"2":1,"3":4},"f":{"0":1,"1":2},"b":{}}
,"D:\\workspace\\todo-app\\src\\domain\\usecases\\todos\\createTodoUsecase.ts": {"path":"D:\\workspace\\todo-app\\src\\domain\\usecases\\todos\\createTodoUsecase.ts","statementMap":{"0":{"start":{"line":17,"column":2},"end":{"line":23,"column":8}},"1":{"start":{"line":18,"column":4},"end":{"line":22,"column":null}},"2":{"start":{"line":22,"column":10},"end":{"line":22,"column":66}},"3":{"start":{"line":13,"column":4},"end":{"line":13,"column":41}},"4":{"start":{"line":14,"column":4},"end":{"line":14,"column":55}},"5":{"start":{"line":5,"column":0},"end":{"line":5,"column":13}}},"fnMap":{"0":{"name":"(anonymous_0)","decl":{"start":{"line":9,"column":2},"end":{"line":9,"column":null}},"loc":{"start":{"line":11,"column":48},"end":{"line":15,"column":3}}},"1":{"name":"(anonymous_1)","decl":{"start":{"line":17,"column":15},"end":{"line":17,"column":20}},"loc":{"start":{"line":18,"column":4},"end":{"line":22,"column":null}}},"2":{"name":"(anonymous_2)","decl":{"start":{"line":21,"column":8},"end":{"line":21,"column":13}},"loc":{"start":{"line":22,"column":10},"end":{"line":22,"column":66}}}},"branchMap":{},"s":{"0":1,"1":2,"2":1,"3":1,"4":1,"5":4},"f":{"0":1,"1":2,"2":1},"b":{}}
,"D:\\workspace\\todo-app\\src\\domain\\usecases\\todos\\retrieveTodosByCustomerIdUsecase.ts": {"path":"D:\\workspace\\todo-app\\src\\domain\\usecases\\todos\\retrieveTodosByCustomerIdUsecase.ts","statementMap":{"0":{"start":{"line":17,"column":2},"end":{"line":23,"column":8}},"1":{"start":{"line":18,"column":4},"end":{"line":22,"column":null}},"2":{"start":{"line":22,"column":10},"end":{"line":22,"column":69}},"3":{"start":{"line":13,"column":4},"end":{"line":13,"column":41}},"4":{"start":{"line":14,"column":4},"end":{"line":14,"column":55}},"5":{"start":{"line":5,"column":0},"end":{"line":5,"column":13}}},"fnMap":{"0":{"name":"(anonymous_0)","decl":{"start":{"line":9,"column":2},"end":{"line":9,"column":null}},"loc":{"start":{"line":11,"column":48},"end":{"line":15,"column":3}}},"1":{"name":"(anonymous_1)","decl":{"start":{"line":17,"column":11},"end":{"line":17,"column":16}},"loc":{"start":{"line":18,"column":4},"end":{"line":22,"column":null}}},"2":{"name":"(anonymous_2)","decl":{"start":{"line":21,"column":8},"end":{"line":21,"column":13}},"loc":{"start":{"line":22,"column":10},"end":{"line":22,"column":69}}}},"branchMap":{},"s":{"0":1,"1":4,"2":3,"3":1,"4":1,"5":4},"f":{"0":1,"1":4,"2":3},"b":{}}
,"D:\\workspace\\todo-app\\src\\domain\\usecases\\todos\\retrieveTodosUsecase.ts": {"path":"D:\\workspace\\todo-app\\src\\domain\\usecases\\todos\\retrieveTodosUsecase.ts","statementMap":{"0":{"start":{"line":11,"column":2},"end":{"line":11,"column":78}},"1":{"start":{"line":11,"column":33},"end":{"line":11,"column":77}},"2":{"start":{"line":13,"column":2},"end":{"line":20,"column":4}},"3":{"start":{"line":14,"column":4},"end":{"line":16,"column":null}},"4":{"start":{"line":15,"column":6},"end":{"line":15,"column":48}},"5":{"start":{"line":17,"column":4},"end":{"line":19,"column":7}},"6":{"start":{"line":18,"column":6},"end":{"line":18,"column":16}},"7":{"start":{"line":8,"column":4},"end":{"line":8,"column":41}},"8":{"start":{"line":4,"column":0},"end":{"line":4,"column":13}}},"fnMap":{"0":{"name":"(anonymous_0)","decl":{"start":{"line":7,"column":2},"end":{"line":7,"column":14}},"loc":{"start":{"line":7,"column":44},"end":{"line":9,"column":3}}},"1":{"name":"(anonymous_1)","decl":{"start":{"line":11,"column":21},"end":{"line":11,"column":26}},"loc":{"start":{"line":11,"column":33},"end":{"line":11,"column":77}}},"2":{"name":"(anonymous_2)","decl":{"start":{"line":13,"column":21},"end":{"line":13,"column":26}},"loc":{"start":{"line":13,"column":57},"end":{"line":20,"column":3}}},"3":{"name":"(anonymous_3)","decl":{"start":{"line":17,"column":60},"end":{"line":17,"column":61}},"loc":{"start":{"line":17,"column":68},"end":{"line":19,"column":5}}}},"branchMap":{"0":{"loc":{"start":{"line":14,"column":4},"end":{"line":16,"column":null}},"type":"if","locations":[{"start":{"line":14,"column":4},"end":{"line":16,"column":null}},{"start":{"line":14,"column":4},"end":{"line":16,"column":null}}]}},"s":{"0":1,"1":1,"2":1,"3":3,"4":1,"5":2,"6":1,"7":1,"8":4},"f":{"0":1,"1":1,"2":3,"3":1},"b":{"0":[1,2]}}
}
