TN:
SF:src\domain\gateways\index.ts
FNF:0
FNH:0
DA:1,0
LF:1
LH:0
BRF:0
BRH:0
end_of_record
TN:
SF:src\domain\models\index.ts
FNF:0
FNH:0
DA:1,0
DA:2,0
DA:3,0
LF:3
LH:0
BRF:0
BRH:0
end_of_record
TN:
SF:src\domain\repositories\index.ts
FNF:0
FNH:0
DA:1,0
DA:2,0
LF:2
LH:0
BRF:0
BRH:0
end_of_record
TN:
SF:src\domain\usecases\index.ts
FNF:0
FNH:0
DA:1,4
DA:2,4
DA:3,4
DA:4,4
LF:4
LH:4
BRF:0
BRH:0
end_of_record
TN:
SF:src\domain\usecases\authentication\authenticateCustomerUsecase.ts
FN:6,(anonymous_0)
FN:10,(anonymous_1)
FNF:2
FNH:2
FNDA:1,(anonymous_0)
FNDA:2,(anonymous_1)
DA:3,4
DA:7,1
DA:10,1
DA:11,2
LF:4
LH:4
BRF:0
BRH:0
end_of_record
TN:
SF:src\domain\usecases\todos\createTodoUsecase.ts
FN:9,(anonymous_0)
FN:17,(anonymous_1)
FN:21,(anonymous_2)
FNF:3
FNH:3
FNDA:1,(anonymous_0)
FNDA:2,(anonymous_1)
FNDA:1,(anonymous_2)
DA:5,4
DA:13,1
DA:14,1
DA:17,1
DA:18,2
DA:22,1
LF:6
LH:6
BRF:0
BRH:0
end_of_record
TN:
SF:src\domain\usecases\todos\retrieveTodosByCustomerIdUsecase.ts
FN:9,(anonymous_0)
FN:17,(anonymous_1)
FN:21,(anonymous_2)
FNF:3
FNH:3
FNDA:1,(anonymous_0)
FNDA:4,(anonymous_1)
FNDA:3,(anonymous_2)
DA:5,4
DA:13,1
DA:14,1
DA:17,1
DA:18,4
DA:22,3
LF:6
LH:6
BRF:0
BRH:0
end_of_record
TN:
SF:src\domain\usecases\todos\retrieveTodosUsecase.ts
FN:7,(anonymous_0)
FN:11,(anonymous_1)
FN:13,(anonymous_2)
FN:17,(anonymous_3)
FNF:4
FNH:4
FNDA:1,(anonymous_0)
FNDA:1,(anonymous_1)
FNDA:3,(anonymous_2)
FNDA:1,(anonymous_3)
DA:4,4
DA:8,1
DA:11,1
DA:13,1
DA:14,3
DA:15,1
DA:17,2
DA:18,1
LF:8
LH:8
BRDA:14,0,0,1
BRDA:14,0,1,2
BRF:2
BRH:2
end_of_record
